<?xml version="1.0" encoding="UTF-8"?>
<coverage generated="1747420535787" clover="3.2.0">
  <project timestamp="1747420535787" name="All files">
    <metrics statements="14" coveredstatements="14" conditionals="18" coveredconditionals="12" methods="2" coveredmethods="2" elements="34" coveredelements="28" complexity="0" loc="14" ncloc="14" packages="3" files="3" classes="3"/>
    <package name="components.Button">
      <metrics statements="8" coveredstatements="8" conditionals="13" coveredconditionals="7" methods="1" coveredmethods="1"/>
      <file name="index.tsx" path="/Users/lucas.rosa/dev/my-expenses/src/components/Button/index.tsx">
        <metrics statements="8" coveredstatements="8" conditionals="13" coveredconditionals="7" methods="1" coveredmethods="1"/>
        <line num="8" count="1" type="stmt"/>
        <line num="40" count="1" type="stmt"/>
        <line num="54" count="2" type="stmt"/>
        <line num="55" count="2" type="stmt"/>
        <line num="57" count="2" type="stmt"/>
        <line num="82" count="1" type="stmt"/>
        <line num="84" count="1" type="stmt"/>
        <line num="99" count="1" type="stmt"/>
      </file>
    </package>
    <package name="components.Typography">
      <metrics statements="5" coveredstatements="5" conditionals="5" coveredconditionals="5" methods="1" coveredmethods="1"/>
      <file name="index.tsx" path="/Users/lucas.rosa/dev/my-expenses/src/components/Typography/index.tsx">
        <metrics statements="5" coveredstatements="5" conditionals="5" coveredconditionals="5" methods="1" coveredmethods="1"/>
        <line num="32" count="2" type="stmt"/>
        <line num="91" count="2" type="stmt"/>
        <line num="95" count="14" type="stmt"/>
        <line num="97" count="14" type="stmt"/>
        <line num="113" count="2" type="stmt"/>
      </file>
    </package>
    <package name="styles">
      <metrics statements="1" coveredstatements="1" conditionals="0" coveredconditionals="0" methods="0" coveredmethods="0"/>
      <file name="theme.ts" path="/Users/lucas.rosa/dev/my-expenses/src/styles/theme.ts">
        <metrics statements="1" coveredstatements="1" conditionals="0" coveredconditionals="0" methods="0" coveredmethods="0"/>
        <line num="1" count="2" type="stmt"/>
      </file>
    </package>
  </project>
</coverage>
