{"/Users/lucas.rosa/dev/my-expenses/src/components/Button/index.tsx": {"path":"/Users/lucas.rosa/dev/my-expenses/src/components/Button/index.tsx","statementMap":{"0":{"start":{"line":8,"column":25},"end":{"line":29,"column":1}},"1":{"start":{"line":40,"column":24},"end":{"line":80,"column":1}},"2":{"start":{"line":54,"column":23},"end":{"line":54,"column":45}},"3":{"start":{"line":55,"column":26},"end":{"line":55,"column":51}},"4":{"start":{"line":57,"column":2},"end":{"line":79,"column":4}},"5":{"start":{"line":82,"column":22},"end":{"line":82,"column":49}},"6":{"start":{"line":84,"column":15},"end":{"line":97,"column":2}},"7":{"start":{"line":99,"column":22},"end":{"line":121,"column":2}}},"fnMap":{"0":{"name":"(anonymous_0)","decl":{"start":{"line":40,"column":24},"end":{"line":40,"column":25}},"loc":{"start":{"line":53,"column":5},"end":{"line":80,"column":1}},"line":53}},"branchMap":{"0":{"loc":{"start":{"line":42,"column":4},"end":{"line":42,"column":23}},"type":"default-arg","locations":[{"start":{"line":42,"column":14},"end":{"line":42,"column":23}}],"line":42},"1":{"loc":{"start":{"line":62,"column":41},"end":{"line":62,"column":68}},"type":"binary-expr","locations":[{"start":{"line":62,"column":41},"end":{"line":62,"column":49}},{"start":{"line":62,"column":53},"end":{"line":62,"column":68}}],"line":62},"2":{"loc":{"start":{"line":65,"column":7},"end":{"line":65,"column":94}},"type":"binary-expr","locations":[{"start":{"line":65,"column":7},"end":{"line":65,"column":11}},{"start":{"line":65,"column":15},"end":{"line":65,"column":94}}],"line":65},"3":{"loc":{"start":{"line":65,"column":28},"end":{"line":65,"column":90}},"type":"cond-expr","locations":[{"start":{"line":65,"column":40},"end":{"line":65,"column":63}},{"start":{"line":65,"column":66},"end":{"line":65,"column":90}}],"line":65},"4":{"loc":{"start":{"line":66,"column":7},"end":{"line":77,"column":7}},"type":"binary-expr","locations":[{"start":{"line":66,"column":7},"end":{"line":66,"column":12}},{"start":{"line":67,"column":8},"end":{"line":76,"column":21}}],"line":66},"5":{"loc":{"start":{"line":69,"column":17},"end":{"line":69,"column":66}},"type":"cond-expr","locations":[{"start":{"line":69,"column":25},"end":{"line":69,"column":30}},{"start":{"line":69,"column":34},"end":{"line":69,"column":65}}],"line":69},"6":{"loc":{"start":{"line":71,"column":12},"end":{"line":73,"column":54}},"type":"cond-expr","locations":[{"start":{"line":72,"column":17},"end":{"line":72,"column":61}},{"start":{"line":73,"column":17},"end":{"line":73,"column":53}}],"line":71}},"s":{"0":1,"1":1,"2":2,"3":2,"4":2,"5":1,"6":1,"7":1},"f":{"0":2},"b":{"0":[1],"1":[2,0],"2":[2,0],"3":[0,0],"4":[2,2],"5":[0,2],"6":[0,2]},"_coverageSchema":"1a1c01bbd47fc00a2c39e90264f33305004495a9","hash":"0f78697a73659b6b22e1a3f361a5624390aea210"}
,"/Users/lucas.rosa/dev/my-expenses/src/components/Typography/index.tsx": {"path":"/Users/lucas.rosa/dev/my-expenses/src/components/Typography/index.tsx","statementMap":{"0":{"start":{"line":32,"column":27},"end":{"line":89,"column":1}},"1":{"start":{"line":91,"column":28},"end":{"line":111,"column":1}},"2":{"start":{"line":95,"column":23},"end":{"line":95,"column":40}},"3":{"start":{"line":97,"column":2},"end":{"line":110,"column":4}},"4":{"start":{"line":113,"column":26},"end":{"line":113,"column":57}}},"fnMap":{"0":{"name":"(anonymous_0)","decl":{"start":{"line":91,"column":28},"end":{"line":91,"column":29}},"loc":{"start":{"line":94,"column":5},"end":{"line":111,"column":1}},"line":94}},"branchMap":{"0":{"loc":{"start":{"line":92,"column":4},"end":{"line":92,"column":20}},"type":"default-arg","locations":[{"start":{"line":92,"column":14},"end":{"line":92,"column":20}}],"line":92},"1":{"loc":{"start":{"line":104,"column":8},"end":{"line":104,"column":47}},"type":"binary-expr","locations":[{"start":{"line":104,"column":8},"end":{"line":104,"column":13}},{"start":{"line":104,"column":17},"end":{"line":104,"column":47}}],"line":104},"2":{"loc":{"start":{"line":105,"column":8},"end":{"line":107,"column":9}},"type":"binary-expr","locations":[{"start":{"line":105,"column":8},"end":{"line":105,"column":14}},{"start":{"line":105,"column":18},"end":{"line":107,"column":9}}],"line":105}},"s":{"0":2,"1":2,"2":14,"3":14,"4":2},"f":{"0":14},"b":{"0":[4],"1":[14,3],"2":[14,3]},"_coverageSchema":"1a1c01bbd47fc00a2c39e90264f33305004495a9","hash":"a636b7510718f5366f07dbc332c98eb82e37a5c0"}
,"/Users/lucas.rosa/dev/my-expenses/src/styles/theme.ts": {"path":"/Users/lucas.rosa/dev/my-expenses/src/styles/theme.ts","statementMap":{"0":{"start":{"line":1,"column":21},"end":{"line":108,"column":1}}},"fnMap":{},"branchMap":{},"s":{"0":2},"f":{},"b":{},"_coverageSchema":"1a1c01bbd47fc00a2c39e90264f33305004495a9","hash":"f962955b5931fe7632300aab743f3dbb27d29efd"}
}
