{"/Users/lucas.rosa/dev/my-expenses/src/components/Typography/index.tsx": {"path":"/Users/lucas.rosa/dev/my-expenses/src/components/Typography/index.tsx","statementMap":{"0":{"start":{"line":32,"column":27},"end":{"line":89,"column":1}},"1":{"start":{"line":91,"column":28},"end":{"line":111,"column":1}},"2":{"start":{"line":95,"column":23},"end":{"line":95,"column":40}},"3":{"start":{"line":97,"column":2},"end":{"line":110,"column":4}},"4":{"start":{"line":113,"column":26},"end":{"line":113,"column":57}}},"fnMap":{"0":{"name":"(anonymous_0)","decl":{"start":{"line":91,"column":28},"end":{"line":91,"column":29}},"loc":{"start":{"line":94,"column":5},"end":{"line":111,"column":1}},"line":94}},"branchMap":{"0":{"loc":{"start":{"line":92,"column":4},"end":{"line":92,"column":20}},"type":"default-arg","locations":[{"start":{"line":92,"column":14},"end":{"line":92,"column":20}}],"line":92},"1":{"loc":{"start":{"line":104,"column":8},"end":{"line":104,"column":47}},"type":"binary-expr","locations":[{"start":{"line":104,"column":8},"end":{"line":104,"column":13}},{"start":{"line":104,"column":17},"end":{"line":104,"column":47}}],"line":104},"2":{"loc":{"start":{"line":105,"column":8},"end":{"line":107,"column":9}},"type":"binary-expr","locations":[{"start":{"line":105,"column":8},"end":{"line":105,"column":14}},{"start":{"line":105,"column":18},"end":{"line":107,"column":9}}],"line":105}},"s":{"0":1,"1":1,"2":12,"3":12,"4":1},"f":{"0":12},"b":{"0":[4],"1":[12,1],"2":[12,1]},"_coverageSchema":"1a1c01bbd47fc00a2c39e90264f33305004495a9","hash":"a636b7510718f5366f07dbc332c98eb82e37a5c0"}
,"/Users/lucas.rosa/dev/my-expenses/src/styles/theme.ts": {"path":"/Users/lucas.rosa/dev/my-expenses/src/styles/theme.ts","statementMap":{"0":{"start":{"line":1,"column":21},"end":{"line":108,"column":1}}},"fnMap":{},"branchMap":{},"s":{"0":1},"f":{},"b":{},"_coverageSchema":"1a1c01bbd47fc00a2c39e90264f33305004495a9","hash":"f962955b5931fe7632300aab743f3dbb27d29efd"}
}
