TN:
SF:src/components/Button/index.tsx
FN:40,(anonymous_0)
FNF:1
FNH:1
FNDA:2,(anonymous_0)
DA:8,1
DA:40,1
DA:54,2
DA:55,2
DA:57,2
DA:82,1
DA:84,1
DA:99,1
LF:8
LH:8
BRDA:42,0,0,1
BRDA:62,1,0,2
BRDA:62,1,1,0
BRDA:65,2,0,2
BRDA:65,2,1,0
BRDA:65,3,0,0
BRDA:65,3,1,0
BRDA:66,4,0,2
BRDA:66,4,1,2
BRDA:69,5,0,0
BRDA:69,5,1,2
BRDA:71,6,0,0
BRDA:71,6,1,2
BRF:13
BRH:7
end_of_record
TN:
SF:src/components/Typography/index.tsx
FN:91,(anonymous_0)
FNF:1
FNH:1
FNDA:14,(anonymous_0)
DA:32,2
DA:91,2
DA:95,14
DA:97,14
DA:113,2
LF:5
LH:5
BRDA:92,0,0,4
BRDA:104,1,0,14
BRDA:104,1,1,3
BRDA:105,2,0,14
BRDA:105,2,1,3
BRF:5
BRH:5
end_of_record
TN:
SF:src/styles/theme.ts
FNF:0
FNH:0
DA:1,2
LF:1
LH:1
BRF:0
BRH:0
end_of_record
